<?xml version="1.0" encoding="UTF-8"?>
<!-- Generated by org.testng.reporters.JUnitReportReporter -->
<testsuite hostname="Sushma" name="mypractise.testng1" tests="1" failures="0" timestamp="24 Sep 2016 08:40:23 GMT" time="4.766" errors="0">
  <testcase name="verifyHomepageTitle" time="4.766" classname="mypractise.testng1"/>
</testsuite> <!-- mypractise.testng1 -->
