<?xml version="1.0" encoding="UTF-8"?>
<!-- Generated by org.testng.reporters.JUnitReportReporter -->
<testsuite hostname="Sushma" name="excel.WriteExcel1" tests="1" failures="0" timestamp="29 Sep 2016 08:49:12 GMT" time="0.678" errors="0">
  <testcase name="readExcel" time="0.678" classname="excel.WriteExcel1"/>
</testsuite> <!-- excel.WriteExcel1 -->
