<?xml version="1.0" encoding="UTF-8"?>
<!-- Generated by org.testng.reporters.JUnitReportReporter -->
<testsuite hostname="Sushma" name="excel.ReadExcel" tests="1" failures="0" timestamp="26 Sep 2016 12:51:01 GMT" time="0.719" errors="0">
  <testcase name="readExcel" time="0.719" classname="excel.ReadExcel"/>
</testsuite> <!-- excel.ReadExcel -->
