<?xml version="1.0" encoding="UTF-8"?>
<!-- Generated by org.testng.reporters.JUnitReportReporter -->
<testsuite hostname="Sushma" name="excel.ReadExcelDBEdit" tests="1" failures="0" timestamp="28 Sep 2016 08:30:35 GMT" time="0.725" errors="0">
  <testcase name="readExcel" time="0.725" classname="excel.ReadExcelDBEdit"/>
</testsuite> <!-- excel.ReadExcelDBEdit -->
