<?xml version="1.0" encoding="UTF-8"?>
<!-- Generated by org.testng.reporters.JUnitReportReporter -->
<testsuite hostname="Sushma" name="leads.Merge" tests="1" failures="0" timestamp="1 Sep 2016 10:10:38 GMT" time="0.001" errors="0">
  <testcase name="mergelead" time="0.001" classname="leads.Merge"/>
</testsuite> <!-- leads.Merge -->
