<?xml version="1.0" encoding="UTF-8"?>
<!-- Generated by org.testng.reporters.JUnitReportReporter -->
<testsuite hostname="Sushma" name="leads.LeadDelete" tests="1" failures="0" timestamp="28 Aug 2016 13:28:25 GMT" time="0.011" errors="0">
  <testcase name="LeadDelete" time="0.011" classname="leads.LeadDelete"/>
</testsuite> <!-- leads.LeadDelete -->
