<?xml version="1.0" encoding="UTF-8"?>
<!-- Generated by org.testng.reporters.JUnitReportReporter -->
<testsuite hostname="Sushma" name="leads.Deletelead" tests="1" failures="0" timestamp="1 Sep 2016 10:10:38 GMT" time="0.000" errors="0">
  <testcase name="LeadDelete" time="0.000" classname="leads.Deletelead"/>
</testsuite> <!-- leads.Deletelead -->
