<?xml version="1.0" encoding="UTF-8"?>
<!-- Generated by org.testng.reporters.JUnitReportReporter -->
<testsuite hostname="Sushma" name="excel.CreateLead" tests="3" failures="0" timestamp="28 Sep 2016 07:24:46 GMT" time="117.424" errors="0">
  <testcase name="createLead" time="37.385" classname="excel.CreateLead"/>
  <testcase name="createLead" time="38.040" classname="excel.CreateLead"/>
  <testcase name="createLead" time="41.999" classname="excel.CreateLead"/>
</testsuite> <!-- excel.CreateLead -->
