<?xml version="1.0" encoding="UTF-8"?>
<!-- Generated by org.testng.reporters.JUnitReportReporter -->
<testsuite hostname="Sushma" name="excel.WriteExcel" tests="1" failures="0" timestamp="28 Sep 2016 07:25:34 GMT" time="0.955" errors="0">
  <testcase name="writeExcel" time="0.955" classname="excel.WriteExcel"/>
</testsuite> <!-- excel.WriteExcel -->
